{"/Users/daniel/Skylab/coteam19/src/App.js": {"path":"/Users/daniel/Skylab/coteam19/src/App.js","statementMap":{"0":{"start":{"line":15,"column":2},"end":{"line":29,"column":4}}},"fnMap":{"0":{"name":"App","decl":{"start":{"line":14,"column":9},"end":{"line":14,"column":12}},"loc":{"start":{"line":14,"column":15},"end":{"line":30,"column":1}},"line":14}},"branchMap":{},"s":{"0":0},"f":{"0":0},"b":{}}
,"/Users/daniel/Skylab/coteam19/src/index.js": {"path":"/Users/daniel/Skylab/coteam19/src/index.js","statementMap":{"0":{"start":{"line":8,"column":0},"end":{"line":15,"column":2}},"1":{"start":{"line":20,"column":0},"end":{"line":20,"column":18}}},"fnMap":{},"branchMap":{},"s":{"0":0,"1":0},"f":{},"b":{}}
,"/Users/daniel/Skylab/coteam19/src/reportWebVitals.js": {"path":"/Users/daniel/Skylab/coteam19/src/reportWebVitals.js","statementMap":{"0":{"start":{"line":1,"column":24},"end":{"line":11,"column":1}},"1":{"start":{"line":2,"column":2},"end":{"line":10,"column":3}},"2":{"start":{"line":3,"column":4},"end":{"line":9,"column":7}},"3":{"start":{"line":4,"column":6},"end":{"line":4,"column":26}},"4":{"start":{"line":5,"column":6},"end":{"line":5,"column":26}},"5":{"start":{"line":6,"column":6},"end":{"line":6,"column":26}},"6":{"start":{"line":7,"column":6},"end":{"line":7,"column":26}},"7":{"start":{"line":8,"column":6},"end":{"line":8,"column":27}}},"fnMap":{"0":{"name":"(anonymous_0)","decl":{"start":{"line":1,"column":24},"end":{"line":1,"column":25}},"loc":{"start":{"line":1,"column":39},"end":{"line":11,"column":1}},"line":1},"1":{"name":"(anonymous_1)","decl":{"start":{"line":3,"column":30},"end":{"line":3,"column":31}},"loc":{"start":{"line":3,"column":79},"end":{"line":9,"column":5}},"line":3}},"branchMap":{"0":{"loc":{"start":{"line":2,"column":2},"end":{"line":10,"column":3}},"type":"if","locations":[{"start":{"line":2,"column":2},"end":{"line":10,"column":3}},{"start":{"line":2,"column":2},"end":{"line":10,"column":3}}],"line":2},"1":{"loc":{"start":{"line":2,"column":6},"end":{"line":2,"column":52}},"type":"binary-expr","locations":[{"start":{"line":2,"column":6},"end":{"line":2,"column":17}},{"start":{"line":2,"column":21},"end":{"line":2,"column":52}}],"line":2}},"s":{"0":0,"1":0,"2":0,"3":0,"4":0,"5":0,"6":0,"7":0},"f":{"0":0,"1":0},"b":{"0":[0,0],"1":[0,0]}}
,"/Users/daniel/Skylab/coteam19/src/actions/action-types.js": {"path":"/Users/daniel/Skylab/coteam19/src/actions/action-types.js","statementMap":{"0":{"start":{"line":1,"column":20},"end":{"line":12,"column":1}}},"fnMap":{},"branchMap":{},"s":{"0":9},"f":{},"b":{},"_coverageSchema":"1a1c01bbd47fc00a2c39e90264f33305004495a9","hash":"866dcc965731e8d7e3b8efd242fb817110e9e71e"}
,"/Users/daniel/Skylab/coteam19/src/actions/actions-creator.js": {"path":"/Users/daniel/Skylab/coteam19/src/actions/actions-creator.js","statementMap":{"0":{"start":{"line":6,"column":19},"end":{"line":6,"column":56}},"1":{"start":{"line":8,"column":1},"end":{"line":11,"column":4}},"2":{"start":{"line":16,"column":13},"end":{"line":16,"column":14}},"3":{"start":{"line":18,"column":15},"end":{"line":18,"column":19}},"4":{"start":{"line":19,"column":1},"end":{"line":44,"column":2}},"5":{"start":{"line":20,"column":2},"end":{"line":43,"column":3}},"6":{"start":{"line":21,"column":3},"end":{"line":21,"column":21}},"7":{"start":{"line":22,"column":3},"end":{"line":22,"column":40}},"8":{"start":{"line":23,"column":12},"end":{"line":23,"column":51}},"9":{"start":{"line":24,"column":12},"end":{"line":24,"column":56}},"10":{"start":{"line":25,"column":14},"end":{"line":25,"column":32}},"11":{"start":{"line":26,"column":3},"end":{"line":26,"column":32}},"12":{"start":{"line":27,"column":17},"end":{"line":29,"column":4}},"13":{"start":{"line":31,"column":3},"end":{"line":38,"column":4}},"14":{"start":{"line":32,"column":4},"end":{"line":32,"column":27}},"15":{"start":{"line":33,"column":4},"end":{"line":33,"column":20}},"16":{"start":{"line":34,"column":4},"end":{"line":37,"column":7}},"17":{"start":{"line":40,"column":3},"end":{"line":40,"column":21}},"18":{"start":{"line":42,"column":3},"end":{"line":42,"column":48}},"19":{"start":{"line":48,"column":1},"end":{"line":64,"column":2}},"20":{"start":{"line":49,"column":2},"end":{"line":51,"column":3}},"21":{"start":{"line":50,"column":3},"end":{"line":50,"column":23}},"22":{"start":{"line":52,"column":22},"end":{"line":54,"column":3}},"23":{"start":{"line":56,"column":2},"end":{"line":59,"column":5}},"24":{"start":{"line":61,"column":2},"end":{"line":63,"column":4}},"25":{"start":{"line":68,"column":1},"end":{"line":71,"column":4}},"26":{"start":{"line":75,"column":17},"end":{"line":75,"column":27}},"27":{"start":{"line":76,"column":18},"end":{"line":76,"column":31}},"28":{"start":{"line":79,"column":13},"end":{"line":79,"column":23}},"29":{"start":{"line":80,"column":2},"end":{"line":80,"column":31}},"30":{"start":{"line":81,"column":11},"end":{"line":81,"column":50}},"31":{"start":{"line":82,"column":11},"end":{"line":82,"column":55}},"32":{"start":{"line":83,"column":13},"end":{"line":83,"column":31}},"33":{"start":{"line":84,"column":2},"end":{"line":84,"column":31}},"34":{"start":{"line":85,"column":2},"end":{"line":85,"column":14}},"35":{"start":{"line":89,"column":18},"end":{"line":89,"column":28}},"36":{"start":{"line":90,"column":2},"end":{"line":90,"column":47}},"37":{"start":{"line":91,"column":11},"end":{"line":91,"column":55}},"38":{"start":{"line":92,"column":11},"end":{"line":92,"column":60}},"39":{"start":{"line":93,"column":13},"end":{"line":93,"column":36}},"40":{"start":{"line":94,"column":2},"end":{"line":94,"column":36}},"41":{"start":{"line":95,"column":2},"end":{"line":95,"column":19}},"42":{"start":{"line":97,"column":28},"end":{"line":99,"column":2}},"43":{"start":{"line":101,"column":1},"end":{"line":104,"column":4}},"44":{"start":{"line":108,"column":1},"end":{"line":110,"column":4}}},"fnMap":{"0":{"name":"loadCountries","decl":{"start":{"line":5,"column":22},"end":{"line":5,"column":35}},"loc":{"start":{"line":5,"column":38},"end":{"line":12,"column":1}},"line":5},"1":{"name":"loadCountry","decl":{"start":{"line":14,"column":22},"end":{"line":14,"column":33}},"loc":{"start":{"line":14,"column":47},"end":{"line":45,"column":1}},"line":14},"2":{"name":"loadCountryInfo","decl":{"start":{"line":47,"column":22},"end":{"line":47,"column":37}},"loc":{"start":{"line":47,"column":51},"end":{"line":65,"column":1}},"line":47},"3":{"name":"filterCountriesByName","decl":{"start":{"line":67,"column":16},"end":{"line":67,"column":37}},"loc":{"start":{"line":67,"column":50},"end":{"line":72,"column":1}},"line":67},"4":{"name":"loadCountryHistoryData","decl":{"start":{"line":74,"column":22},"end":{"line":74,"column":44}},"loc":{"start":{"line":74,"column":58},"end":{"line":105,"column":1}},"line":74},"5":{"name":"getToday","decl":{"start":{"line":78,"column":10},"end":{"line":78,"column":18}},"loc":{"start":{"line":78,"column":21},"end":{"line":86,"column":2}},"line":78},"6":{"name":"getMonthDay","decl":{"start":{"line":88,"column":10},"end":{"line":88,"column":21}},"loc":{"start":{"line":88,"column":24},"end":{"line":96,"column":2}},"line":88},"7":{"name":"clearInfectedCasesFromStore","decl":{"start":{"line":107,"column":16},"end":{"line":107,"column":43}},"loc":{"start":{"line":107,"column":46},"end":{"line":111,"column":1}},"line":107}},"branchMap":{"0":{"loc":{"start":{"line":31,"column":3},"end":{"line":38,"column":4}},"type":"if","locations":[{"start":{"line":31,"column":3},"end":{"line":38,"column":4}},{"start":{"line":31,"column":3},"end":{"line":38,"column":4}}],"line":31},"1":{"loc":{"start":{"line":49,"column":2},"end":{"line":51,"column":3}},"type":"if","locations":[{"start":{"line":49,"column":2},"end":{"line":51,"column":3}},{"start":{"line":49,"column":2},"end":{"line":51,"column":3}}],"line":49}},"s":{"0":5,"1":1,"2":2,"3":2,"4":2,"5":2,"6":2,"7":2,"8":2,"9":2,"10":2,"11":2,"12":2,"13":1,"14":1,"15":1,"16":1,"17":1,"18":0,"19":3,"20":3,"21":1,"22":3,"23":2,"24":0,"25":0,"26":1,"27":1,"28":1,"29":1,"30":1,"31":1,"32":1,"33":1,"34":1,"35":1,"36":1,"37":1,"38":1,"39":1,"40":1,"41":1,"42":1,"43":1,"44":1},"f":{"0":5,"1":2,"2":3,"3":0,"4":1,"5":1,"6":1,"7":1},"b":{"0":[1,0],"1":[1,2]},"_coverageSchema":"1a1c01bbd47fc00a2c39e90264f33305004495a9","hash":"34b530e9c5a6344ce212ec41bf28599d8b3ff712"}
,"/Users/daniel/Skylab/coteam19/src/actions/auth-actions.js": {"path":"/Users/daniel/Skylab/coteam19/src/actions/auth-actions.js","statementMap":{"0":{"start":{"line":7,"column":24},"end":{"line":12,"column":2}},"1":{"start":{"line":13,"column":1},"end":{"line":16,"column":4}},"2":{"start":{"line":20,"column":1},"end":{"line":22,"column":4}},"3":{"start":{"line":26,"column":18},"end":{"line":26,"column":56}},"4":{"start":{"line":27,"column":1},"end":{"line":27,"column":72}},"5":{"start":{"line":29,"column":1},"end":{"line":34,"column":2}},"6":{"start":{"line":30,"column":19},"end":{"line":30,"column":66}},"7":{"start":{"line":31,"column":2},"end":{"line":31,"column":21}},"8":{"start":{"line":33,"column":2},"end":{"line":33,"column":38}},"9":{"start":{"line":38,"column":1},"end":{"line":45,"column":2}},"10":{"start":{"line":39,"column":2},"end":{"line":39,"column":34}},"11":{"start":{"line":40,"column":2},"end":{"line":42,"column":5}},"12":{"start":{"line":44,"column":2},"end":{"line":44,"column":46}}},"fnMap":{"0":{"name":"handleSignIn","decl":{"start":{"line":6,"column":16},"end":{"line":6,"column":28}},"loc":{"start":{"line":6,"column":35},"end":{"line":17,"column":1}},"line":6},"1":{"name":"handleError","decl":{"start":{"line":19,"column":16},"end":{"line":19,"column":27}},"loc":{"start":{"line":19,"column":34},"end":{"line":23,"column":1}},"line":19},"2":{"name":"signInWithGoogle","decl":{"start":{"line":25,"column":22},"end":{"line":25,"column":38}},"loc":{"start":{"line":25,"column":41},"end":{"line":35,"column":1}},"line":25},"3":{"name":"signOut","decl":{"start":{"line":37,"column":22},"end":{"line":37,"column":29}},"loc":{"start":{"line":37,"column":32},"end":{"line":46,"column":1}},"line":37}},"branchMap":{},"s":{"0":1,"1":1,"2":3,"3":1,"4":1,"5":1,"6":1,"7":0,"8":1,"9":2,"10":2,"11":1,"12":1},"f":{"0":1,"1":3,"2":1,"3":2},"b":{},"_coverageSchema":"1a1c01bbd47fc00a2c39e90264f33305004495a9","hash":"d7225d050ffed4ac581686de13cdd5eea7107603"}
,"/Users/daniel/Skylab/coteam19/src/actions/firebase/firebase.config.js": {"path":"/Users/daniel/Skylab/coteam19/src/actions/firebase/firebase.config.js","statementMap":{"0":{"start":{"line":1,"column":23},"end":{"line":9,"column":1}}},"fnMap":{},"branchMap":{},"s":{"0":2},"f":{},"b":{},"_coverageSchema":"1a1c01bbd47fc00a2c39e90264f33305004495a9","hash":"b86ae454d444c0c9051c79932fedf522e4f207f1"}
,"/Users/daniel/Skylab/coteam19/src/actions/firebase/firebaseIndex.js": {"path":"/Users/daniel/Skylab/coteam19/src/actions/firebase/firebaseIndex.js","statementMap":{"0":{"start":{"line":5,"column":0},"end":{"line":5,"column":39}},"1":{"start":{"line":6,"column":0},"end":{"line":6,"column":16}}},"fnMap":{},"branchMap":{},"s":{"0":2,"1":2},"f":{},"b":{},"_coverageSchema":"1a1c01bbd47fc00a2c39e90264f33305004495a9","hash":"98bbf75c34b4e7b958216464a7dfca1e8685b7e3"}
,"/Users/daniel/Skylab/coteam19/src/components/Contact/Contact.jsx": {"path":"/Users/daniel/Skylab/coteam19/src/components/Contact/Contact.jsx","statementMap":{"0":{"start":{"line":7,"column":25},"end":{"line":7,"column":37}},"1":{"start":{"line":8,"column":27},"end":{"line":8,"column":39}},"2":{"start":{"line":9,"column":31},"end":{"line":9,"column":43}},"3":{"start":{"line":10,"column":31},"end":{"line":10,"column":43}},"4":{"start":{"line":13,"column":2},"end":{"line":13,"column":14}},"5":{"start":{"line":14,"column":2},"end":{"line":14,"column":15}},"6":{"start":{"line":15,"column":2},"end":{"line":15,"column":17}},"7":{"start":{"line":16,"column":2},"end":{"line":16,"column":17}},"8":{"start":{"line":20,"column":2},"end":{"line":20,"column":31}},"9":{"start":{"line":23,"column":1},"end":{"line":123,"column":3}},"10":{"start":{"line":37,"column":29},"end":{"line":37,"column":57}},"11":{"start":{"line":48,"column":29},"end":{"line":48,"column":58}},"12":{"start":{"line":59,"column":28},"end":{"line":59,"column":59}},"13":{"start":{"line":70,"column":28},"end":{"line":70,"column":59}}},"fnMap":{"0":{"name":"Contact","decl":{"start":{"line":6,"column":9},"end":{"line":6,"column":16}},"loc":{"start":{"line":6,"column":19},"end":{"line":124,"column":1}},"line":6},"1":{"name":"submit","decl":{"start":{"line":12,"column":10},"end":{"line":12,"column":16}},"loc":{"start":{"line":12,"column":19},"end":{"line":17,"column":2}},"line":12},"2":{"name":"handleChange","decl":{"start":{"line":19,"column":10},"end":{"line":19,"column":22}},"loc":{"start":{"line":19,"column":40},"end":{"line":21,"column":2}},"line":19},"3":{"name":"(anonymous_3)","decl":{"start":{"line":37,"column":18},"end":{"line":37,"column":19}},"loc":{"start":{"line":37,"column":29},"end":{"line":37,"column":57}},"line":37},"4":{"name":"(anonymous_4)","decl":{"start":{"line":48,"column":18},"end":{"line":48,"column":19}},"loc":{"start":{"line":48,"column":29},"end":{"line":48,"column":58}},"line":48},"5":{"name":"(anonymous_5)","decl":{"start":{"line":59,"column":17},"end":{"line":59,"column":18}},"loc":{"start":{"line":59,"column":28},"end":{"line":59,"column":59}},"line":59},"6":{"name":"(anonymous_6)","decl":{"start":{"line":70,"column":17},"end":{"line":70,"column":18}},"loc":{"start":{"line":70,"column":28},"end":{"line":70,"column":59}},"line":70}},"branchMap":{},"s":{"0":3,"1":3,"2":3,"3":3,"4":1,"5":1,"6":1,"7":1,"8":1,"9":3,"10":1,"11":0,"12":0,"13":0},"f":{"0":3,"1":1,"2":1,"3":1,"4":0,"5":0,"6":0},"b":{},"_coverageSchema":"1a1c01bbd47fc00a2c39e90264f33305004495a9","hash":"3b04ee1843300198a3967286633aa38e5e29229c"}
,"/Users/daniel/Skylab/coteam19/src/components/CountryDetails/CountryDetails.jsx": {"path":"/Users/daniel/Skylab/coteam19/src/components/CountryDetails/CountryDetails.jsx","statementMap":{"0":{"start":{"line":16,"column":23},"end":{"line":16,"column":57}},"1":{"start":{"line":17,"column":31},"end":{"line":17,"column":45}},"2":{"start":{"line":18,"column":39},"end":{"line":18,"column":53}},"3":{"start":{"line":19,"column":39},"end":{"line":19,"column":53}},"4":{"start":{"line":25,"column":2},"end":{"line":25,"column":37}},"5":{"start":{"line":26,"column":2},"end":{"line":26,"column":45}},"6":{"start":{"line":31,"column":1},"end":{"line":43,"column":54}},"7":{"start":{"line":33,"column":2},"end":{"line":33,"column":43}},"8":{"start":{"line":35,"column":2},"end":{"line":38,"column":3}},"9":{"start":{"line":36,"column":3},"end":{"line":36,"column":28}},"10":{"start":{"line":40,"column":2},"end":{"line":42,"column":4}},"11":{"start":{"line":41,"column":3},"end":{"line":41,"column":47}},"12":{"start":{"line":45,"column":1},"end":{"line":265,"column":3}},"13":{"start":{"line":268,"column":0},"end":{"line":274,"column":2}}},"fnMap":{"0":{"name":"CountryDetails","decl":{"start":{"line":15,"column":9},"end":{"line":15,"column":23}},"loc":{"start":{"line":15,"column":35},"end":{"line":266,"column":1}},"line":15},"1":{"name":"handleChange","decl":{"start":{"line":24,"column":10},"end":{"line":24,"column":22}},"loc":{"start":{"line":24,"column":25},"end":{"line":29,"column":2}},"line":24},"2":{"name":"(anonymous_2)","decl":{"start":{"line":31,"column":11},"end":{"line":31,"column":12}},"loc":{"start":{"line":31,"column":17},"end":{"line":43,"column":2}},"line":31},"3":{"name":"(anonymous_3)","decl":{"start":{"line":40,"column":9},"end":{"line":40,"column":10}},"loc":{"start":{"line":40,"column":15},"end":{"line":42,"column":3}},"line":40}},"branchMap":{"0":{"loc":{"start":{"line":35,"column":2},"end":{"line":38,"column":3}},"type":"if","locations":[{"start":{"line":35,"column":2},"end":{"line":38,"column":3}},{"start":{"line":35,"column":2},"end":{"line":38,"column":3}}],"line":35},"1":{"loc":{"start":{"line":35,"column":6},"end":{"line":35,"column":61}},"type":"binary-expr","locations":[{"start":{"line":35,"column":6},"end":{"line":35,"column":17}},{"start":{"line":35,"column":21},"end":{"line":35,"column":29}},{"start":{"line":35,"column":33},"end":{"line":35,"column":45}},{"start":{"line":35,"column":49},"end":{"line":35,"column":61}}],"line":35},"2":{"loc":{"start":{"line":47,"column":4},"end":{"line":61,"column":4}},"type":"binary-expr","locations":[{"start":{"line":47,"column":4},"end":{"line":47,"column":12}},{"start":{"line":48,"column":4},"end":{"line":60,"column":7}}],"line":47},"3":{"loc":{"start":{"line":62,"column":4},"end":{"line":263,"column":4}},"type":"binary-expr","locations":[{"start":{"line":62,"column":4},"end":{"line":62,"column":11}},{"start":{"line":63,"column":4},"end":{"line":262,"column":10}}],"line":62},"4":{"loc":{"start":{"line":81,"column":13},"end":{"line":86,"column":13}},"type":"binary-expr","locations":[{"start":{"line":81,"column":13},"end":{"line":81,"column":59}},{"start":{"line":82,"column":13},"end":{"line":85,"column":18}}],"line":81},"5":{"loc":{"start":{"line":87,"column":13},"end":{"line":92,"column":13}},"type":"binary-expr","locations":[{"start":{"line":87,"column":13},"end":{"line":87,"column":56}},{"start":{"line":88,"column":13},"end":{"line":91,"column":18}}],"line":87},"6":{"loc":{"start":{"line":93,"column":13},"end":{"line":104,"column":13}},"type":"binary-expr","locations":[{"start":{"line":93,"column":13},"end":{"line":96,"column":13}},{"start":{"line":97,"column":13},"end":{"line":103,"column":18}}],"line":93},"7":{"loc":{"start":{"line":105,"column":13},"end":{"line":110,"column":13}},"type":"binary-expr","locations":[{"start":{"line":105,"column":13},"end":{"line":105,"column":63}},{"start":{"line":106,"column":13},"end":{"line":109,"column":18}}],"line":105},"8":{"loc":{"start":{"line":111,"column":13},"end":{"line":116,"column":13}},"type":"binary-expr","locations":[{"start":{"line":111,"column":13},"end":{"line":111,"column":59}},{"start":{"line":112,"column":13},"end":{"line":115,"column":18}}],"line":111},"9":{"loc":{"start":{"line":117,"column":13},"end":{"line":122,"column":13}},"type":"binary-expr","locations":[{"start":{"line":117,"column":13},"end":{"line":117,"column":59}},{"start":{"line":118,"column":13},"end":{"line":121,"column":18}}],"line":117},"10":{"loc":{"start":{"line":123,"column":13},"end":{"line":135,"column":13}},"type":"binary-expr","locations":[{"start":{"line":123,"column":13},"end":{"line":126,"column":13}},{"start":{"line":127,"column":13},"end":{"line":134,"column":18}}],"line":123},"11":{"loc":{"start":{"line":139,"column":10},"end":{"line":212,"column":10}},"type":"binary-expr","locations":[{"start":{"line":139,"column":11},"end":{"line":139,"column":60}},{"start":{"line":140,"column":10},"end":{"line":140,"column":56}},{"start":{"line":141,"column":10},"end":{"line":144,"column":11}},{"start":{"line":145,"column":10},"end":{"line":145,"column":63}},{"start":{"line":146,"column":10},"end":{"line":146,"column":59}},{"start":{"line":147,"column":10},"end":{"line":211,"column":16}}],"line":139},"12":{"loc":{"start":{"line":155,"column":14},"end":{"line":166,"column":14}},"type":"binary-expr","locations":[{"start":{"line":155,"column":14},"end":{"line":158,"column":14}},{"start":{"line":159,"column":14},"end":{"line":165,"column":19}}],"line":155},"13":{"loc":{"start":{"line":167,"column":14},"end":{"line":172,"column":14}},"type":"binary-expr","locations":[{"start":{"line":167,"column":14},"end":{"line":167,"column":60}},{"start":{"line":168,"column":14},"end":{"line":171,"column":19}}],"line":167},"14":{"loc":{"start":{"line":173,"column":14},"end":{"line":184,"column":14}},"type":"binary-expr","locations":[{"start":{"line":173,"column":14},"end":{"line":176,"column":14}},{"start":{"line":177,"column":14},"end":{"line":183,"column":19}}],"line":173},"15":{"loc":{"start":{"line":185,"column":14},"end":{"line":196,"column":14}},"type":"binary-expr","locations":[{"start":{"line":185,"column":14},"end":{"line":188,"column":14}},{"start":{"line":189,"column":14},"end":{"line":195,"column":19}}],"line":185},"16":{"loc":{"start":{"line":197,"column":14},"end":{"line":208,"column":14}},"type":"binary-expr","locations":[{"start":{"line":197,"column":14},"end":{"line":200,"column":14}},{"start":{"line":201,"column":14},"end":{"line":207,"column":19}}],"line":197}},"s":{"0":1,"1":1,"2":1,"3":1,"4":0,"5":0,"6":1,"7":1,"8":1,"9":1,"10":1,"11":0,"12":1,"13":1},"f":{"0":1,"1":0,"2":1,"3":0},"b":{"0":[1,0],"1":[1,1,1,1],"2":[1,1],"3":[1,0],"4":[0,0],"5":[0,0],"6":[0,0],"7":[0,0],"8":[0,0],"9":[0,0],"10":[0,0],"11":[0,0,0,0,0,0],"12":[0,0],"13":[0,0],"14":[0,0],"15":[0,0],"16":[0,0]},"_coverageSchema":"1a1c01bbd47fc00a2c39e90264f33305004495a9","hash":"79241fddaad461ce29c7f204c8c4396d8409f531"}
,"/Users/daniel/Skylab/coteam19/src/components/Faqs/Faqs.jsx": {"path":"/Users/daniel/Skylab/coteam19/src/components/Faqs/Faqs.jsx","statementMap":{"0":{"start":{"line":6,"column":1},"end":{"line":122,"column":3}}},"fnMap":{"0":{"name":"Faqs","decl":{"start":{"line":5,"column":9},"end":{"line":5,"column":13}},"loc":{"start":{"line":5,"column":16},"end":{"line":123,"column":1}},"line":5}},"branchMap":{},"s":{"0":3},"f":{"0":3},"b":{},"_coverageSchema":"1a1c01bbd47fc00a2c39e90264f33305004495a9","hash":"77dc081f1f717fdabbf9ccf4ec6ebbf4d3e79047"}
,"/Users/daniel/Skylab/coteam19/src/components/Footer/Footer.jsx": {"path":"/Users/daniel/Skylab/coteam19/src/components/Footer/Footer.jsx","statementMap":{"0":{"start":{"line":8,"column":1},"end":{"line":36,"column":3}}},"fnMap":{"0":{"name":"Footer","decl":{"start":{"line":7,"column":9},"end":{"line":7,"column":15}},"loc":{"start":{"line":7,"column":18},"end":{"line":37,"column":1}},"line":7}},"branchMap":{},"s":{"0":4},"f":{"0":4},"b":{},"_coverageSchema":"1a1c01bbd47fc00a2c39e90264f33305004495a9","hash":"31a84fae3cc2a9995ad7177e764ec883d7428795"}
,"/Users/daniel/Skylab/coteam19/src/components/Header/Header.jsx": {"path":"/Users/daniel/Skylab/coteam19/src/components/Header/Header.jsx","statementMap":{"0":{"start":{"line":10,"column":25},"end":{"line":10,"column":54}},"1":{"start":{"line":13,"column":2},"end":{"line":13,"column":31}},"2":{"start":{"line":16,"column":1},"end":{"line":20,"column":4}},"3":{"start":{"line":17,"column":2},"end":{"line":17,"column":44}},"4":{"start":{"line":19,"column":2},"end":{"line":19,"column":60}},"5":{"start":{"line":19,"column":15},"end":{"line":19,"column":59}},"6":{"start":{"line":23,"column":2},"end":{"line":51,"column":4}},"7":{"start":{"line":28,"column":25},"end":{"line":28,"column":43}},"8":{"start":{"line":41,"column":25},"end":{"line":41,"column":43}},"9":{"start":{"line":55,"column":2},"end":{"line":83,"column":4}},"10":{"start":{"line":60,"column":25},"end":{"line":60,"column":34}},"11":{"start":{"line":73,"column":25},"end":{"line":73,"column":34}},"12":{"start":{"line":87,"column":2},"end":{"line":87,"column":55}},"13":{"start":{"line":90,"column":1},"end":{"line":115,"column":3}}},"fnMap":{"0":{"name":"Header","decl":{"start":{"line":9,"column":9},"end":{"line":9,"column":15}},"loc":{"start":{"line":9,"column":18},"end":{"line":116,"column":1}},"line":9},"1":{"name":"handleChange","decl":{"start":{"line":12,"column":10},"end":{"line":12,"column":22}},"loc":{"start":{"line":12,"column":25},"end":{"line":14,"column":2}},"line":12},"2":{"name":"(anonymous_2)","decl":{"start":{"line":16,"column":11},"end":{"line":16,"column":12}},"loc":{"start":{"line":16,"column":17},"end":{"line":20,"column":2}},"line":16},"3":{"name":"(anonymous_3)","decl":{"start":{"line":19,"column":9},"end":{"line":19,"column":10}},"loc":{"start":{"line":19,"column":15},"end":{"line":19,"column":59}},"line":19},"4":{"name":"getSignInButton","decl":{"start":{"line":22,"column":10},"end":{"line":22,"column":25}},"loc":{"start":{"line":22,"column":28},"end":{"line":52,"column":2}},"line":22},"5":{"name":"(anonymous_5)","decl":{"start":{"line":28,"column":14},"end":{"line":28,"column":15}},"loc":{"start":{"line":28,"column":25},"end":{"line":28,"column":43}},"line":28},"6":{"name":"(anonymous_6)","decl":{"start":{"line":41,"column":14},"end":{"line":41,"column":15}},"loc":{"start":{"line":41,"column":25},"end":{"line":41,"column":43}},"line":41},"7":{"name":"getSignOutButton","decl":{"start":{"line":54,"column":10},"end":{"line":54,"column":26}},"loc":{"start":{"line":54,"column":29},"end":{"line":84,"column":2}},"line":54},"8":{"name":"(anonymous_8)","decl":{"start":{"line":60,"column":14},"end":{"line":60,"column":15}},"loc":{"start":{"line":60,"column":25},"end":{"line":60,"column":34}},"line":60},"9":{"name":"(anonymous_9)","decl":{"start":{"line":73,"column":14},"end":{"line":73,"column":15}},"loc":{"start":{"line":73,"column":25},"end":{"line":73,"column":34}},"line":73},"10":{"name":"isSignInVisible","decl":{"start":{"line":86,"column":10},"end":{"line":86,"column":25}},"loc":{"start":{"line":86,"column":28},"end":{"line":88,"column":2}},"line":86}},"branchMap":{"0":{"loc":{"start":{"line":87,"column":9},"end":{"line":87,"column":54}},"type":"cond-expr","locations":[{"start":{"line":87,"column":16},"end":{"line":87,"column":34}},{"start":{"line":87,"column":37},"end":{"line":87,"column":54}}],"line":87}},"s":{"0":4,"1":0,"2":3,"3":3,"4":3,"5":2,"6":3,"7":0,"8":0,"9":0,"10":0,"11":0,"12":3,"13":3},"f":{"0":4,"1":0,"2":3,"3":2,"4":3,"5":0,"6":0,"7":0,"8":0,"9":0,"10":3},"b":{"0":[0,3]},"_coverageSchema":"1a1c01bbd47fc00a2c39e90264f33305004495a9","hash":"0b2d4ad5b90c2ab38d107328ff1d3de7eda0be7e"}
,"/Users/daniel/Skylab/coteam19/src/components/Header/BurgerMenu/BurgerMenu.jsx": {"path":"/Users/daniel/Skylab/coteam19/src/components/Header/BurgerMenu/BurgerMenu.jsx","statementMap":{"0":{"start":{"line":25,"column":20},"end":{"line":25,"column":23}},"1":{"start":{"line":27,"column":18},"end":{"line":83,"column":3}},"2":{"start":{"line":27,"column":41},"end":{"line":83,"column":1}},"3":{"start":{"line":86,"column":17},"end":{"line":86,"column":28}},"4":{"start":{"line":87,"column":15},"end":{"line":87,"column":25}},"5":{"start":{"line":88,"column":25},"end":{"line":88,"column":46}},"6":{"start":{"line":90,"column":26},"end":{"line":92,"column":2}},"7":{"start":{"line":91,"column":2},"end":{"line":91,"column":16}},"8":{"start":{"line":94,"column":27},"end":{"line":96,"column":2}},"9":{"start":{"line":95,"column":2},"end":{"line":95,"column":17}},"10":{"start":{"line":98,"column":1},"end":{"line":205,"column":3}}},"fnMap":{"0":{"name":"(anonymous_0)","decl":{"start":{"line":27,"column":29},"end":{"line":27,"column":30}},"loc":{"start":{"line":27,"column":41},"end":{"line":83,"column":1}},"line":27},"1":{"name":"BurgerMenu","decl":{"start":{"line":85,"column":24},"end":{"line":85,"column":34}},"loc":{"start":{"line":85,"column":37},"end":{"line":206,"column":1}},"line":85},"2":{"name":"(anonymous_2)","decl":{"start":{"line":90,"column":26},"end":{"line":90,"column":27}},"loc":{"start":{"line":90,"column":32},"end":{"line":92,"column":2}},"line":90},"3":{"name":"(anonymous_3)","decl":{"start":{"line":94,"column":27},"end":{"line":94,"column":28}},"loc":{"start":{"line":94,"column":33},"end":{"line":96,"column":2}},"line":94}},"branchMap":{"0":{"loc":{"start":{"line":113,"column":42},"end":{"line":113,"column":62}},"type":"binary-expr","locations":[{"start":{"line":113,"column":42},"end":{"line":113,"column":46}},{"start":{"line":113,"column":50},"end":{"line":113,"column":62}}],"line":113},"1":{"loc":{"start":{"line":135,"column":7},"end":{"line":139,"column":7}},"type":"cond-expr","locations":[{"start":{"line":136,"column":7},"end":{"line":136,"column":26}},{"start":{"line":138,"column":7},"end":{"line":138,"column":27}}],"line":135}},"s":{"0":1,"1":1,"2":3,"3":3,"4":3,"5":3,"6":3,"7":0,"8":3,"9":0,"10":3},"f":{"0":3,"1":3,"2":0,"3":0},"b":{"0":[3,0],"1":[3,0]},"_coverageSchema":"1a1c01bbd47fc00a2c39e90264f33305004495a9","hash":"d4e1c69e3f996737a9bc5d6bd8b973503e1e1793"}
,"/Users/daniel/Skylab/coteam19/src/components/Header/Search/Search.jsx": {"path":"/Users/daniel/Skylab/coteam19/src/components/Header/Search/Search.jsx","statementMap":{"0":{"start":{"line":12,"column":15},"end":{"line":106,"column":1}},"1":{"start":{"line":13,"column":35},"end":{"line":13,"column":69}},"2":{"start":{"line":14,"column":51},"end":{"line":14,"column":65}},"3":{"start":{"line":16,"column":22},"end":{"line":16,"column":31}},"4":{"start":{"line":19,"column":2},"end":{"line":19,"column":41}},"5":{"start":{"line":20,"column":2},"end":{"line":20,"column":57}},"6":{"start":{"line":23,"column":1},"end":{"line":33,"column":17}},"7":{"start":{"line":24,"column":2},"end":{"line":24,"column":44}},"8":{"start":{"line":26,"column":2},"end":{"line":28,"column":3}},"9":{"start":{"line":27,"column":3},"end":{"line":27,"column":19}},"10":{"start":{"line":30,"column":2},"end":{"line":32,"column":4}},"11":{"start":{"line":31,"column":3},"end":{"line":31,"column":48}},"12":{"start":{"line":35,"column":19},"end":{"line":35,"column":57}},"13":{"start":{"line":38,"column":2},"end":{"line":38,"column":21}},"14":{"start":{"line":39,"column":2},"end":{"line":44,"column":3}},"15":{"start":{"line":40,"column":24},"end":{"line":40,"column":52}},"16":{"start":{"line":41,"column":3},"end":{"line":41,"column":39}},"17":{"start":{"line":43,"column":3},"end":{"line":43,"column":31}},"18":{"start":{"line":47,"column":13},"end":{"line":47,"column":17}},"19":{"start":{"line":50,"column":2},"end":{"line":55,"column":3}},"20":{"start":{"line":51,"column":3},"end":{"line":51,"column":66}},"21":{"start":{"line":52,"column":3},"end":{"line":52,"column":50}},"22":{"start":{"line":53,"column":3},"end":{"line":53,"column":71}},"23":{"start":{"line":54,"column":3},"end":{"line":54,"column":26}},"24":{"start":{"line":56,"column":2},"end":{"line":60,"column":3}},"25":{"start":{"line":57,"column":3},"end":{"line":57,"column":65}},"26":{"start":{"line":58,"column":3},"end":{"line":58,"column":71}},"27":{"start":{"line":59,"column":3},"end":{"line":59,"column":25}},"28":{"start":{"line":63,"column":1},"end":{"line":105,"column":3}},"29":{"start":{"line":69,"column":6},"end":{"line":69,"column":20}},"30":{"start":{"line":79,"column":6},"end":{"line":79,"column":21}},"31":{"start":{"line":86,"column":7},"end":{"line":100,"column":9}},"32":{"start":{"line":90,"column":25},"end":{"line":90,"column":61}}},"fnMap":{"0":{"name":"(anonymous_0)","decl":{"start":{"line":12,"column":15},"end":{"line":12,"column":16}},"loc":{"start":{"line":12,"column":21},"end":{"line":106,"column":1}},"line":12},"1":{"name":"handleChanges","decl":{"start":{"line":18,"column":10},"end":{"line":18,"column":23}},"loc":{"start":{"line":18,"column":26},"end":{"line":21,"column":2}},"line":18},"2":{"name":"(anonymous_2)","decl":{"start":{"line":23,"column":11},"end":{"line":23,"column":12}},"loc":{"start":{"line":23,"column":17},"end":{"line":33,"column":2}},"line":23},"3":{"name":"(anonymous_3)","decl":{"start":{"line":30,"column":9},"end":{"line":30,"column":10}},"loc":{"start":{"line":30,"column":15},"end":{"line":32,"column":3}},"line":30},"4":{"name":"handleKeyUp","decl":{"start":{"line":37,"column":10},"end":{"line":37,"column":21}},"loc":{"start":{"line":37,"column":25},"end":{"line":45,"column":2}},"line":37},"5":{"name":"changeState","decl":{"start":{"line":49,"column":10},"end":{"line":49,"column":21}},"loc":{"start":{"line":49,"column":24},"end":{"line":61,"column":2}},"line":49},"6":{"name":"(anonymous_6)","decl":{"start":{"line":68,"column":14},"end":{"line":68,"column":15}},"loc":{"start":{"line":68,"column":20},"end":{"line":70,"column":6}},"line":68},"7":{"name":"(anonymous_7)","decl":{"start":{"line":78,"column":14},"end":{"line":78,"column":15}},"loc":{"start":{"line":78,"column":21},"end":{"line":80,"column":6}},"line":78},"8":{"name":"(anonymous_8)","decl":{"start":{"line":85,"column":28},"end":{"line":85,"column":29}},"loc":{"start":{"line":85,"column":41},"end":{"line":101,"column":7}},"line":85},"9":{"name":"(anonymous_9)","decl":{"start":{"line":90,"column":18},"end":{"line":90,"column":19}},"loc":{"start":{"line":90,"column":25},"end":{"line":90,"column":61}},"line":90}},"branchMap":{"0":{"loc":{"start":{"line":26,"column":2},"end":{"line":28,"column":3}},"type":"if","locations":[{"start":{"line":26,"column":2},"end":{"line":28,"column":3}},{"start":{"line":26,"column":2},"end":{"line":28,"column":3}}],"line":26},"1":{"loc":{"start":{"line":26,"column":6},"end":{"line":26,"column":37}},"type":"binary-expr","locations":[{"start":{"line":26,"column":6},"end":{"line":26,"column":16}},{"start":{"line":26,"column":20},"end":{"line":26,"column":37}}],"line":26},"2":{"loc":{"start":{"line":39,"column":2},"end":{"line":44,"column":3}},"type":"if","locations":[{"start":{"line":39,"column":2},"end":{"line":44,"column":3}},{"start":{"line":39,"column":2},"end":{"line":44,"column":3}}],"line":39},"3":{"loc":{"start":{"line":50,"column":2},"end":{"line":55,"column":3}},"type":"if","locations":[{"start":{"line":50,"column":2},"end":{"line":55,"column":3}},{"start":{"line":50,"column":2},"end":{"line":55,"column":3}}],"line":50},"4":{"loc":{"start":{"line":56,"column":2},"end":{"line":60,"column":3}},"type":"if","locations":[{"start":{"line":56,"column":2},"end":{"line":60,"column":3}},{"start":{"line":56,"column":2},"end":{"line":60,"column":3}}],"line":56},"5":{"loc":{"start":{"line":83,"column":6},"end":{"line":101,"column":8}},"type":"binary-expr","locations":[{"start":{"line":83,"column":6},"end":{"line":83,"column":23}},{"start":{"line":84,"column":6},"end":{"line":84,"column":34}},{"start":{"line":85,"column":6},"end":{"line":101,"column":8}}],"line":83}},"s":{"0":2,"1":6,"2":4,"3":4,"4":0,"5":0,"6":4,"7":4,"8":4,"9":4,"10":4,"11":2,"12":4,"13":1,"14":1,"15":0,"16":0,"17":1,"18":4,"19":0,"20":0,"21":0,"22":0,"23":0,"24":0,"25":0,"26":0,"27":0,"28":4,"29":0,"30":1,"31":0,"32":0},"f":{"0":6,"1":0,"2":4,"3":2,"4":1,"5":0,"6":0,"7":1,"8":0,"9":0},"b":{"0":[4,0],"1":[4,4],"2":[0,1],"3":[0,0],"4":[0,0],"5":[4,0,0]},"_coverageSchema":"1a1c01bbd47fc00a2c39e90264f33305004495a9","hash":"dc59dd10f4e7f4e2a9a27bcede75064bce3074b9"}
,"/Users/daniel/Skylab/coteam19/src/components/Home/Home.jsx": {"path":"/Users/daniel/Skylab/coteam19/src/components/Home/Home.jsx","statementMap":{"0":{"start":{"line":6,"column":1},"end":{"line":80,"column":3}}},"fnMap":{"0":{"name":"Home","decl":{"start":{"line":5,"column":9},"end":{"line":5,"column":13}},"loc":{"start":{"line":5,"column":16},"end":{"line":81,"column":1}},"line":5}},"branchMap":{},"s":{"0":4},"f":{"0":4},"b":{},"_coverageSchema":"1a1c01bbd47fc00a2c39e90264f33305004495a9","hash":"b5c25e5b0f62207f5d2557c03738ffb9cfc5c4cf"}
,"/Users/daniel/Skylab/coteam19/src/components/List/List.jsx": {"path":"/Users/daniel/Skylab/coteam19/src/components/List/List.jsx","statementMap":{"0":{"start":{"line":9,"column":35},"end":{"line":9,"column":69}},"1":{"start":{"line":12,"column":2},"end":{"line":12,"column":41}},"2":{"start":{"line":15,"column":1},"end":{"line":25,"column":17}},"3":{"start":{"line":16,"column":2},"end":{"line":16,"column":44}},"4":{"start":{"line":18,"column":2},"end":{"line":20,"column":3}},"5":{"start":{"line":19,"column":3},"end":{"line":19,"column":19}},"6":{"start":{"line":22,"column":2},"end":{"line":24,"column":4}},"7":{"start":{"line":23,"column":3},"end":{"line":23,"column":48}},"8":{"start":{"line":27,"column":1},"end":{"line":47,"column":3}},"9":{"start":{"line":35,"column":7},"end":{"line":39,"column":14}}},"fnMap":{"0":{"name":"List","decl":{"start":{"line":8,"column":9},"end":{"line":8,"column":13}},"loc":{"start":{"line":8,"column":16},"end":{"line":48,"column":1}},"line":8},"1":{"name":"handleChanges","decl":{"start":{"line":11,"column":10},"end":{"line":11,"column":23}},"loc":{"start":{"line":11,"column":26},"end":{"line":13,"column":2}},"line":11},"2":{"name":"(anonymous_2)","decl":{"start":{"line":15,"column":11},"end":{"line":15,"column":12}},"loc":{"start":{"line":15,"column":17},"end":{"line":25,"column":2}},"line":15},"3":{"name":"(anonymous_3)","decl":{"start":{"line":22,"column":9},"end":{"line":22,"column":10}},"loc":{"start":{"line":22,"column":15},"end":{"line":24,"column":3}},"line":22},"4":{"name":"(anonymous_4)","decl":{"start":{"line":34,"column":20},"end":{"line":34,"column":21}},"loc":{"start":{"line":35,"column":7},"end":{"line":39,"column":14}},"line":35}},"branchMap":{"0":{"loc":{"start":{"line":18,"column":2},"end":{"line":20,"column":3}},"type":"if","locations":[{"start":{"line":18,"column":2},"end":{"line":20,"column":3}},{"start":{"line":18,"column":2},"end":{"line":20,"column":3}}],"line":18},"1":{"loc":{"start":{"line":18,"column":6},"end":{"line":18,"column":37}},"type":"binary-expr","locations":[{"start":{"line":18,"column":6},"end":{"line":18,"column":16}},{"start":{"line":18,"column":20},"end":{"line":18,"column":37}}],"line":18},"2":{"loc":{"start":{"line":32,"column":6},"end":{"line":40,"column":8}},"type":"binary-expr","locations":[{"start":{"line":32,"column":6},"end":{"line":32,"column":15}},{"start":{"line":33,"column":6},"end":{"line":33,"column":26}},{"start":{"line":34,"column":6},"end":{"line":40,"column":8}}],"line":32}},"s":{"0":3,"1":0,"2":3,"3":3,"4":3,"5":0,"6":3,"7":2,"8":3,"9":6},"f":{"0":3,"1":0,"2":3,"3":2,"4":6},"b":{"0":[0,3],"1":[3,3],"2":[3,3,3]},"_coverageSchema":"1a1c01bbd47fc00a2c39e90264f33305004495a9","hash":"bd9349a53c3e036f746002cc4fda9b7596a0d016"}
,"/Users/daniel/Skylab/coteam19/src/components/Map/Map.jsx": {"path":"/Users/daniel/Skylab/coteam19/src/components/Map/Map.jsx","statementMap":{"0":{"start":{"line":7,"column":33},"end":{"line":9,"column":13}},"1":{"start":{"line":11,"column":12},"end":{"line":11,"column":22}},"2":{"start":{"line":13,"column":15},"end":{"line":13,"column":23}},"3":{"start":{"line":15,"column":19},"end":{"line":15,"column":52}},"4":{"start":{"line":16,"column":2},"end":{"line":18,"column":3}},"5":{"start":{"line":17,"column":3},"end":{"line":17,"column":28}},"6":{"start":{"line":21,"column":1},"end":{"line":21,"column":14}},"7":{"start":{"line":23,"column":1},"end":{"line":115,"column":3}}},"fnMap":{"0":{"name":"Map","decl":{"start":{"line":5,"column":9},"end":{"line":5,"column":12}},"loc":{"start":{"line":5,"column":15},"end":{"line":116,"column":1}},"line":5},"1":{"name":"reloadPage","decl":{"start":{"line":6,"column":10},"end":{"line":6,"column":20}},"loc":{"start":{"line":6,"column":23},"end":{"line":19,"column":2}},"line":6}},"branchMap":{"0":{"loc":{"start":{"line":16,"column":2},"end":{"line":18,"column":3}},"type":"if","locations":[{"start":{"line":16,"column":2},"end":{"line":18,"column":3}},{"start":{"line":16,"column":2},"end":{"line":18,"column":3}}],"line":16}},"s":{"0":1,"1":1,"2":1,"3":1,"4":1,"5":0,"6":1,"7":1},"f":{"0":1,"1":1},"b":{"0":[0,1]},"_coverageSchema":"1a1c01bbd47fc00a2c39e90264f33305004495a9","hash":"3641a6e291265efa9a8e3677fc56a56a29b5d825"}
,"/Users/daniel/Skylab/coteam19/src/components/NotFound/NotFound.jsx": {"path":"/Users/daniel/Skylab/coteam19/src/components/NotFound/NotFound.jsx","statementMap":{"0":{"start":{"line":7,"column":1},"end":{"line":31,"column":3}},"1":{"start":{"line":23,"column":22},"end":{"line":23,"column":45}},"2":{"start":{"line":33,"column":0},"end":{"line":37,"column":2}}},"fnMap":{"0":{"name":"NotFound","decl":{"start":{"line":6,"column":9},"end":{"line":6,"column":17}},"loc":{"start":{"line":6,"column":25},"end":{"line":32,"column":1}},"line":6},"1":{"name":"(anonymous_1)","decl":{"start":{"line":23,"column":16},"end":{"line":23,"column":17}},"loc":{"start":{"line":23,"column":22},"end":{"line":23,"column":45}},"line":23}},"branchMap":{},"s":{"0":4,"1":1,"2":1},"f":{"0":4,"1":1},"b":{},"_coverageSchema":"1a1c01bbd47fc00a2c39e90264f33305004495a9","hash":"9ef080cb530d7bd66fe2dc8ac1dfcd3a8e6cfc4d"}
,"/Users/daniel/Skylab/coteam19/src/components/Subheader/Subheader.jsx": {"path":"/Users/daniel/Skylab/coteam19/src/components/Subheader/Subheader.jsx","statementMap":{"0":{"start":{"line":5,"column":17},"end":{"line":7,"column":3}},"1":{"start":{"line":9,"column":2},"end":{"line":14,"column":4}}},"fnMap":{"0":{"name":"Subheader","decl":{"start":{"line":4,"column":9},"end":{"line":4,"column":18}},"loc":{"start":{"line":4,"column":37},"end":{"line":15,"column":1}},"line":4}},"branchMap":{"0":{"loc":{"start":{"line":12,"column":7},"end":{"line":12,"column":72}},"type":"binary-expr","locations":[{"start":{"line":12,"column":7},"end":{"line":12,"column":12}},{"start":{"line":12,"column":16},"end":{"line":12,"column":72}}],"line":12}},"s":{"0":14,"1":14},"f":{"0":14},"b":{"0":[14,0]},"_coverageSchema":"1a1c01bbd47fc00a2c39e90264f33305004495a9","hash":"6c04d0c64b33721a1ffbca01abdb0a9074f367d3"}
,"/Users/daniel/Skylab/coteam19/src/dispatcher/dispatcher.js": {"path":"/Users/daniel/Skylab/coteam19/src/dispatcher/dispatcher.js","statementMap":{"0":{"start":{"line":3,"column":19},"end":{"line":3,"column":35}}},"fnMap":{},"branchMap":{},"s":{"0":9},"f":{},"b":{},"_coverageSchema":"1a1c01bbd47fc00a2c39e90264f33305004495a9","hash":"ffba445b4eb33cda2d63bcb79cd1b8b28c9f7603"}
,"/Users/daniel/Skylab/coteam19/src/store/auth-store.js": {"path":"/Users/daniel/Skylab/coteam19/src/store/auth-store.js","statementMap":{"0":{"start":{"line":5,"column":15},"end":{"line":5,"column":23}},"1":{"start":{"line":10,"column":2},"end":{"line":10,"column":20}},"2":{"start":{"line":14,"column":2},"end":{"line":14,"column":28}},"3":{"start":{"line":18,"column":2},"end":{"line":18,"column":40}},"4":{"start":{"line":22,"column":2},"end":{"line":22,"column":14}},"5":{"start":{"line":26,"column":18},"end":{"line":26,"column":33}},"6":{"start":{"line":28,"column":0},"end":{"line":45,"column":3}},"7":{"start":{"line":29,"column":1},"end":{"line":44,"column":2}},"8":{"start":{"line":31,"column":3},"end":{"line":31,"column":25}},"9":{"start":{"line":32,"column":3},"end":{"line":32,"column":26}},"10":{"start":{"line":33,"column":3},"end":{"line":33,"column":9}},"11":{"start":{"line":36,"column":3},"end":{"line":36,"column":15}},"12":{"start":{"line":37,"column":3},"end":{"line":37,"column":26}},"13":{"start":{"line":38,"column":3},"end":{"line":38,"column":9}},"14":{"start":{"line":43,"column":3},"end":{"line":43,"column":9}}},"fnMap":{"0":{"name":"(anonymous_0)","decl":{"start":{"line":9,"column":1},"end":{"line":9,"column":2}},"loc":{"start":{"line":9,"column":14},"end":{"line":11,"column":2}},"line":9},"1":{"name":"(anonymous_1)","decl":{"start":{"line":13,"column":1},"end":{"line":13,"column":2}},"loc":{"start":{"line":13,"column":29},"end":{"line":15,"column":2}},"line":13},"2":{"name":"(anonymous_2)","decl":{"start":{"line":17,"column":1},"end":{"line":17,"column":2}},"loc":{"start":{"line":17,"column":32},"end":{"line":19,"column":2}},"line":17},"3":{"name":"(anonymous_3)","decl":{"start":{"line":21,"column":1},"end":{"line":21,"column":2}},"loc":{"start":{"line":21,"column":11},"end":{"line":23,"column":2}},"line":21},"4":{"name":"(anonymous_4)","decl":{"start":{"line":28,"column":20},"end":{"line":28,"column":21}},"loc":{"start":{"line":28,"column":32},"end":{"line":45,"column":1}},"line":28}},"branchMap":{"0":{"loc":{"start":{"line":29,"column":1},"end":{"line":44,"column":2}},"type":"switch","locations":[{"start":{"line":30,"column":2},"end":{"line":33,"column":9}},{"start":{"line":35,"column":2},"end":{"line":38,"column":9}},{"start":{"line":40,"column":2},"end":{"line":40,"column":36}},{"start":{"line":41,"column":2},"end":{"line":41,"column":38}},{"start":{"line":42,"column":2},"end":{"line":43,"column":9}}],"line":29}},"s":{"0":2,"1":0,"2":3,"3":2,"4":5,"5":2,"6":2,"7":0,"8":0,"9":0,"10":0,"11":0,"12":0,"13":0,"14":0},"f":{"0":0,"1":3,"2":2,"3":5,"4":0},"b":{"0":[0,0,0,0,0]},"_coverageSchema":"1a1c01bbd47fc00a2c39e90264f33305004495a9","hash":"e0c5f40e2f34b92dc25b98e7b8ef019b1276b68f"}
,"/Users/daniel/Skylab/coteam19/src/store/data-store.js": {"path":"/Users/daniel/Skylab/coteam19/src/store/data-store.js","statementMap":{"0":{"start":{"line":6,"column":15},"end":{"line":6,"column":23}},"1":{"start":{"line":7,"column":16},"end":{"line":7,"column":18}},"2":{"start":{"line":10,"column":24},"end":{"line":10,"column":28}},"3":{"start":{"line":15,"column":2},"end":{"line":15,"column":28}},"4":{"start":{"line":19,"column":2},"end":{"line":19,"column":40}},"5":{"start":{"line":23,"column":2},"end":{"line":23,"column":20}},"6":{"start":{"line":27,"column":2},"end":{"line":27,"column":19}},"7":{"start":{"line":31,"column":2},"end":{"line":31,"column":20}},"8":{"start":{"line":35,"column":2},"end":{"line":35,"column":17}},"9":{"start":{"line":39,"column":2},"end":{"line":39,"column":18}},"10":{"start":{"line":43,"column":15},"end":{"line":43,"column":56}},"11":{"start":{"line":44,"column":2},"end":{"line":44,"column":14}},"12":{"start":{"line":48,"column":14},"end":{"line":48,"column":24}},"13":{"start":{"line":49,"column":2},"end":{"line":49,"column":33}},"14":{"start":{"line":50,"column":11},"end":{"line":50,"column":51}},"15":{"start":{"line":51,"column":11},"end":{"line":51,"column":56}},"16":{"start":{"line":52,"column":13},"end":{"line":52,"column":32}},"17":{"start":{"line":54,"column":2},"end":{"line":54,"column":37}},"18":{"start":{"line":56,"column":2},"end":{"line":56,"column":78}},"19":{"start":{"line":60,"column":13},"end":{"line":60,"column":53}},"20":{"start":{"line":61,"column":14},"end":{"line":61,"column":34}},"21":{"start":{"line":62,"column":2},"end":{"line":62,"column":70}},"22":{"start":{"line":66,"column":13},"end":{"line":66,"column":53}},"23":{"start":{"line":67,"column":14},"end":{"line":67,"column":31}},"24":{"start":{"line":68,"column":2},"end":{"line":68,"column":67}},"25":{"start":{"line":72,"column":13},"end":{"line":72,"column":53}},"26":{"start":{"line":73,"column":14},"end":{"line":73,"column":52}},"27":{"start":{"line":74,"column":2},"end":{"line":76,"column":10}},"28":{"start":{"line":80,"column":13},"end":{"line":80,"column":53}},"29":{"start":{"line":81,"column":14},"end":{"line":81,"column":39}},"30":{"start":{"line":82,"column":2},"end":{"line":82,"column":75}},"31":{"start":{"line":86,"column":13},"end":{"line":86,"column":53}},"32":{"start":{"line":87,"column":14},"end":{"line":87,"column":34}},"33":{"start":{"line":88,"column":2},"end":{"line":88,"column":70}},"34":{"start":{"line":92,"column":13},"end":{"line":92,"column":53}},"35":{"start":{"line":93,"column":14},"end":{"line":93,"column":38}},"36":{"start":{"line":94,"column":2},"end":{"line":94,"column":74}},"37":{"start":{"line":98,"column":13},"end":{"line":98,"column":53}},"38":{"start":{"line":99,"column":14},"end":{"line":99,"column":35}},"39":{"start":{"line":100,"column":2},"end":{"line":100,"column":71}},"40":{"start":{"line":104,"column":13},"end":{"line":104,"column":53}},"41":{"start":{"line":105,"column":14},"end":{"line":105,"column":56}},"42":{"start":{"line":106,"column":2},"end":{"line":108,"column":10}},"43":{"start":{"line":112,"column":13},"end":{"line":112,"column":53}},"44":{"start":{"line":113,"column":14},"end":{"line":113,"column":43}},"45":{"start":{"line":114,"column":2},"end":{"line":116,"column":10}},"46":{"start":{"line":120,"column":13},"end":{"line":120,"column":53}},"47":{"start":{"line":121,"column":14},"end":{"line":121,"column":38}},"48":{"start":{"line":122,"column":2},"end":{"line":122,"column":74}},"49":{"start":{"line":126,"column":13},"end":{"line":126,"column":53}},"50":{"start":{"line":127,"column":14},"end":{"line":127,"column":35}},"51":{"start":{"line":128,"column":2},"end":{"line":128,"column":71}},"52":{"start":{"line":132,"column":2},"end":{"line":132,"column":38}},"53":{"start":{"line":133,"column":2},"end":{"line":143,"column":3}},"54":{"start":{"line":134,"column":20},"end":{"line":134,"column":70}},"55":{"start":{"line":135,"column":19},"end":{"line":138,"column":4}},"56":{"start":{"line":139,"column":18},"end":{"line":139,"column":53}},"57":{"start":{"line":140,"column":3},"end":{"line":140,"column":34}},"58":{"start":{"line":141,"column":3},"end":{"line":141,"column":52}},"59":{"start":{"line":142,"column":3},"end":{"line":142,"column":63}},"60":{"start":{"line":147,"column":2},"end":{"line":147,"column":75}},"61":{"start":{"line":151,"column":2},"end":{"line":151,"column":21}},"62":{"start":{"line":155,"column":2},"end":{"line":155,"column":22}},"63":{"start":{"line":159,"column":2},"end":{"line":159,"column":75}},"64":{"start":{"line":163,"column":2},"end":{"line":163,"column":49}},"65":{"start":{"line":167,"column":2},"end":{"line":167,"column":69}},"66":{"start":{"line":171,"column":2},"end":{"line":171,"column":47}},"67":{"start":{"line":175,"column":2},"end":{"line":175,"column":44}},"68":{"start":{"line":179,"column":2},"end":{"line":179,"column":27}},"69":{"start":{"line":218,"column":18},"end":{"line":218,"column":33}},"70":{"start":{"line":220,"column":0},"end":{"line":258,"column":3}},"71":{"start":{"line":221,"column":1},"end":{"line":257,"column":2}},"72":{"start":{"line":223,"column":3},"end":{"line":223,"column":42}},"73":{"start":{"line":224,"column":3},"end":{"line":224,"column":26}},"74":{"start":{"line":225,"column":3},"end":{"line":225,"column":9}},"75":{"start":{"line":228,"column":3},"end":{"line":228,"column":40}},"76":{"start":{"line":229,"column":3},"end":{"line":229,"column":47}},"77":{"start":{"line":230,"column":3},"end":{"line":230,"column":9}},"78":{"start":{"line":233,"column":3},"end":{"line":233,"column":32}},"79":{"start":{"line":234,"column":3},"end":{"line":234,"column":26}},"80":{"start":{"line":235,"column":3},"end":{"line":235,"column":9}},"81":{"start":{"line":237,"column":3},"end":{"line":239,"column":6}},"82":{"start":{"line":238,"column":4},"end":{"line":238,"column":58}},"83":{"start":{"line":240,"column":3},"end":{"line":240,"column":26}},"84":{"start":{"line":241,"column":3},"end":{"line":241,"column":9}},"85":{"start":{"line":256,"column":3},"end":{"line":256,"column":9}}},"fnMap":{"0":{"name":"(anonymous_0)","decl":{"start":{"line":14,"column":1},"end":{"line":14,"column":2}},"loc":{"start":{"line":14,"column":28},"end":{"line":16,"column":2}},"line":14},"1":{"name":"(anonymous_1)","decl":{"start":{"line":18,"column":1},"end":{"line":18,"column":2}},"loc":{"start":{"line":18,"column":31},"end":{"line":20,"column":2}},"line":18},"2":{"name":"(anonymous_2)","decl":{"start":{"line":22,"column":1},"end":{"line":22,"column":2}},"loc":{"start":{"line":22,"column":14},"end":{"line":24,"column":2}},"line":22},"3":{"name":"(anonymous_3)","decl":{"start":{"line":26,"column":1},"end":{"line":26,"column":2}},"loc":{"start":{"line":26,"column":16},"end":{"line":28,"column":2}},"line":26},"4":{"name":"(anonymous_4)","decl":{"start":{"line":30,"column":1},"end":{"line":30,"column":2}},"loc":{"start":{"line":30,"column":21},"end":{"line":32,"column":2}},"line":30},"5":{"name":"(anonymous_5)","decl":{"start":{"line":34,"column":1},"end":{"line":34,"column":2}},"loc":{"start":{"line":34,"column":14},"end":{"line":36,"column":2}},"line":34},"6":{"name":"(anonymous_6)","decl":{"start":{"line":38,"column":1},"end":{"line":38,"column":2}},"loc":{"start":{"line":38,"column":19},"end":{"line":40,"column":2}},"line":38},"7":{"name":"(anonymous_7)","decl":{"start":{"line":42,"column":1},"end":{"line":42,"column":2}},"loc":{"start":{"line":42,"column":20},"end":{"line":45,"column":2}},"line":42},"8":{"name":"(anonymous_8)","decl":{"start":{"line":47,"column":1},"end":{"line":47,"column":2}},"loc":{"start":{"line":47,"column":37},"end":{"line":57,"column":2}},"line":47},"9":{"name":"(anonymous_9)","decl":{"start":{"line":59,"column":1},"end":{"line":59,"column":2}},"loc":{"start":{"line":59,"column":38},"end":{"line":63,"column":2}},"line":59},"10":{"name":"(anonymous_10)","decl":{"start":{"line":65,"column":1},"end":{"line":65,"column":2}},"loc":{"start":{"line":65,"column":35},"end":{"line":69,"column":2}},"line":65},"11":{"name":"(anonymous_11)","decl":{"start":{"line":71,"column":1},"end":{"line":71,"column":2}},"loc":{"start":{"line":71,"column":54},"end":{"line":77,"column":2}},"line":71},"12":{"name":"(anonymous_12)","decl":{"start":{"line":79,"column":1},"end":{"line":79,"column":2}},"loc":{"start":{"line":79,"column":42},"end":{"line":83,"column":2}},"line":79},"13":{"name":"(anonymous_13)","decl":{"start":{"line":85,"column":1},"end":{"line":85,"column":2}},"loc":{"start":{"line":85,"column":38},"end":{"line":89,"column":2}},"line":85},"14":{"name":"(anonymous_14)","decl":{"start":{"line":91,"column":1},"end":{"line":91,"column":2}},"loc":{"start":{"line":91,"column":41},"end":{"line":95,"column":2}},"line":91},"15":{"name":"(anonymous_15)","decl":{"start":{"line":97,"column":1},"end":{"line":97,"column":2}},"loc":{"start":{"line":97,"column":38},"end":{"line":101,"column":2}},"line":97},"16":{"name":"(anonymous_16)","decl":{"start":{"line":103,"column":1},"end":{"line":103,"column":2}},"loc":{"start":{"line":103,"column":57},"end":{"line":109,"column":2}},"line":103},"17":{"name":"(anonymous_17)","decl":{"start":{"line":111,"column":1},"end":{"line":111,"column":2}},"loc":{"start":{"line":111,"column":45},"end":{"line":117,"column":2}},"line":111},"18":{"name":"(anonymous_18)","decl":{"start":{"line":119,"column":1},"end":{"line":119,"column":2}},"loc":{"start":{"line":119,"column":41},"end":{"line":123,"column":2}},"line":119},"19":{"name":"(anonymous_19)","decl":{"start":{"line":125,"column":1},"end":{"line":125,"column":2}},"loc":{"start":{"line":125,"column":38},"end":{"line":129,"column":2}},"line":125},"20":{"name":"(anonymous_20)","decl":{"start":{"line":131,"column":1},"end":{"line":131,"column":2}},"loc":{"start":{"line":131,"column":47},"end":{"line":144,"column":2}},"line":131},"21":{"name":"(anonymous_21)","decl":{"start":{"line":146,"column":1},"end":{"line":146,"column":2}},"loc":{"start":{"line":146,"column":28},"end":{"line":148,"column":2}},"line":146},"22":{"name":"(anonymous_22)","decl":{"start":{"line":150,"column":1},"end":{"line":150,"column":2}},"loc":{"start":{"line":150,"column":18},"end":{"line":152,"column":2}},"line":150},"23":{"name":"(anonymous_23)","decl":{"start":{"line":154,"column":1},"end":{"line":154,"column":2}},"loc":{"start":{"line":154,"column":23},"end":{"line":156,"column":2}},"line":154},"24":{"name":"(anonymous_24)","decl":{"start":{"line":158,"column":1},"end":{"line":158,"column":2}},"loc":{"start":{"line":158,"column":28},"end":{"line":160,"column":2}},"line":158},"25":{"name":"(anonymous_25)","decl":{"start":{"line":162,"column":1},"end":{"line":162,"column":2}},"loc":{"start":{"line":162,"column":24},"end":{"line":164,"column":2}},"line":162},"26":{"name":"(anonymous_26)","decl":{"start":{"line":166,"column":1},"end":{"line":166,"column":2}},"loc":{"start":{"line":166,"column":22},"end":{"line":168,"column":2}},"line":166},"27":{"name":"(anonymous_27)","decl":{"start":{"line":170,"column":1},"end":{"line":170,"column":2}},"loc":{"start":{"line":170,"column":25},"end":{"line":172,"column":2}},"line":170},"28":{"name":"(anonymous_28)","decl":{"start":{"line":174,"column":1},"end":{"line":174,"column":2}},"loc":{"start":{"line":174,"column":22},"end":{"line":176,"column":2}},"line":174},"29":{"name":"(anonymous_29)","decl":{"start":{"line":178,"column":1},"end":{"line":178,"column":2}},"loc":{"start":{"line":178,"column":24},"end":{"line":180,"column":2}},"line":178},"30":{"name":"(anonymous_30)","decl":{"start":{"line":220,"column":20},"end":{"line":220,"column":21}},"loc":{"start":{"line":220,"column":32},"end":{"line":258,"column":1}},"line":220},"31":{"name":"(anonymous_31)","decl":{"start":{"line":237,"column":40},"end":{"line":237,"column":41}},"loc":{"start":{"line":237,"column":53},"end":{"line":239,"column":4}},"line":237}},"branchMap":{"0":{"loc":{"start":{"line":62,"column":9},"end":{"line":62,"column":69}},"type":"cond-expr","locations":[{"start":{"line":62,"column":17},"end":{"line":62,"column":62}},{"start":{"line":62,"column":65},"end":{"line":62,"column":69}}],"line":62},"1":{"loc":{"start":{"line":68,"column":9},"end":{"line":68,"column":66}},"type":"cond-expr","locations":[{"start":{"line":68,"column":17},"end":{"line":68,"column":59}},{"start":{"line":68,"column":62},"end":{"line":68,"column":66}}],"line":68},"2":{"loc":{"start":{"line":74,"column":9},"end":{"line":76,"column":9}},"type":"cond-expr","locations":[{"start":{"line":75,"column":5},"end":{"line":75,"column":68}},{"start":{"line":76,"column":5},"end":{"line":76,"column":9}}],"line":74},"3":{"loc":{"start":{"line":82,"column":9},"end":{"line":82,"column":74}},"type":"cond-expr","locations":[{"start":{"line":82,"column":17},"end":{"line":82,"column":67}},{"start":{"line":82,"column":70},"end":{"line":82,"column":74}}],"line":82},"4":{"loc":{"start":{"line":88,"column":9},"end":{"line":88,"column":69}},"type":"cond-expr","locations":[{"start":{"line":88,"column":17},"end":{"line":88,"column":62}},{"start":{"line":88,"column":65},"end":{"line":88,"column":69}}],"line":88},"5":{"loc":{"start":{"line":94,"column":9},"end":{"line":94,"column":73}},"type":"cond-expr","locations":[{"start":{"line":94,"column":17},"end":{"line":94,"column":66}},{"start":{"line":94,"column":69},"end":{"line":94,"column":73}}],"line":94},"6":{"loc":{"start":{"line":100,"column":9},"end":{"line":100,"column":70}},"type":"cond-expr","locations":[{"start":{"line":100,"column":17},"end":{"line":100,"column":63}},{"start":{"line":100,"column":66},"end":{"line":100,"column":70}}],"line":100},"7":{"loc":{"start":{"line":106,"column":9},"end":{"line":108,"column":9}},"type":"cond-expr","locations":[{"start":{"line":107,"column":5},"end":{"line":107,"column":72}},{"start":{"line":108,"column":5},"end":{"line":108,"column":9}}],"line":106},"8":{"loc":{"start":{"line":114,"column":9},"end":{"line":116,"column":9}},"type":"cond-expr","locations":[{"start":{"line":115,"column":5},"end":{"line":115,"column":59}},{"start":{"line":116,"column":5},"end":{"line":116,"column":9}}],"line":114},"9":{"loc":{"start":{"line":122,"column":9},"end":{"line":122,"column":73}},"type":"cond-expr","locations":[{"start":{"line":122,"column":17},"end":{"line":122,"column":66}},{"start":{"line":122,"column":69},"end":{"line":122,"column":73}}],"line":122},"10":{"loc":{"start":{"line":128,"column":9},"end":{"line":128,"column":70}},"type":"cond-expr","locations":[{"start":{"line":128,"column":17},"end":{"line":128,"column":63}},{"start":{"line":128,"column":66},"end":{"line":128,"column":70}}],"line":128},"11":{"loc":{"start":{"line":133,"column":2},"end":{"line":143,"column":3}},"type":"if","locations":[{"start":{"line":133,"column":2},"end":{"line":143,"column":3}},{"start":{"line":133,"column":2},"end":{"line":143,"column":3}}],"line":133},"12":{"loc":{"start":{"line":142,"column":10},"end":{"line":142,"column":62}},"type":"cond-expr","locations":[{"start":{"line":142,"column":22},"end":{"line":142,"column":55}},{"start":{"line":142,"column":58},"end":{"line":142,"column":62}}],"line":142},"13":{"loc":{"start":{"line":159,"column":9},"end":{"line":159,"column":74}},"type":"binary-expr","locations":[{"start":{"line":159,"column":9},"end":{"line":159,"column":20}},{"start":{"line":159,"column":24},"end":{"line":159,"column":74}}],"line":159},"14":{"loc":{"start":{"line":163,"column":9},"end":{"line":163,"column":48}},"type":"binary-expr","locations":[{"start":{"line":163,"column":9},"end":{"line":163,"column":20}},{"start":{"line":163,"column":24},"end":{"line":163,"column":48}}],"line":163},"15":{"loc":{"start":{"line":167,"column":9},"end":{"line":167,"column":68}},"type":"binary-expr","locations":[{"start":{"line":167,"column":9},"end":{"line":167,"column":20}},{"start":{"line":167,"column":24},"end":{"line":167,"column":68}}],"line":167},"16":{"loc":{"start":{"line":171,"column":9},"end":{"line":171,"column":46}},"type":"binary-expr","locations":[{"start":{"line":171,"column":9},"end":{"line":171,"column":20}},{"start":{"line":171,"column":24},"end":{"line":171,"column":46}}],"line":171},"17":{"loc":{"start":{"line":175,"column":9},"end":{"line":175,"column":43}},"type":"binary-expr","locations":[{"start":{"line":175,"column":9},"end":{"line":175,"column":20}},{"start":{"line":175,"column":24},"end":{"line":175,"column":43}}],"line":175},"18":{"loc":{"start":{"line":221,"column":1},"end":{"line":257,"column":2}},"type":"switch","locations":[{"start":{"line":222,"column":2},"end":{"line":225,"column":9}},{"start":{"line":227,"column":2},"end":{"line":230,"column":9}},{"start":{"line":232,"column":2},"end":{"line":235,"column":9}},{"start":{"line":236,"column":2},"end":{"line":241,"column":9}},{"start":{"line":255,"column":2},"end":{"line":256,"column":9}}],"line":221}},"s":{"0":6,"1":6,"2":6,"3":9,"4":5,"5":6,"6":13,"7":5,"8":2,"9":2,"10":2,"11":2,"12":1,"13":1,"14":1,"15":1,"16":1,"17":1,"18":1,"19":1,"20":1,"21":1,"22":1,"23":1,"24":1,"25":1,"26":1,"27":1,"28":1,"29":1,"30":1,"31":1,"32":1,"33":1,"34":1,"35":1,"36":1,"37":1,"38":1,"39":1,"40":1,"41":1,"42":1,"43":1,"44":1,"45":1,"46":1,"47":1,"48":1,"49":2,"50":2,"51":2,"52":1,"53":1,"54":1,"55":1,"56":1,"57":1,"58":1,"59":1,"60":18,"61":1,"62":1,"63":3,"64":1,"65":1,"66":1,"67":1,"68":0,"69":6,"70":6,"71":4,"72":1,"73":1,"74":1,"75":1,"76":1,"77":1,"78":1,"79":1,"80":1,"81":0,"82":0,"83":0,"84":0,"85":1},"f":{"0":9,"1":5,"2":6,"3":13,"4":5,"5":2,"6":2,"7":2,"8":1,"9":1,"10":1,"11":1,"12":1,"13":1,"14":1,"15":1,"16":1,"17":1,"18":1,"19":2,"20":1,"21":18,"22":1,"23":1,"24":3,"25":1,"26":1,"27":1,"28":1,"29":0,"30":4,"31":0},"b":{"0":[1,0],"1":[1,0],"2":[1,0],"3":[1,0],"4":[1,0],"5":[1,0],"6":[1,0],"7":[1,0],"8":[1,0],"9":[1,0],"10":[2,0],"11":[1,0],"12":[1,0],"13":[3,3],"14":[1,1],"15":[1,1],"16":[1,1],"17":[1,1],"18":[1,1,1,0,1]},"_coverageSchema":"1a1c01bbd47fc00a2c39e90264f33305004495a9","hash":"a853fa69eb6f6d681b7339eb10d94a703c9e4d04"}
}
