TN:
SF:src/App.js
FN:14,App
FNF:1
FNH:0
FNDA:0,App
DA:15,0
LF:1
LH:0
BRF:0
BRH:0
end_of_record
TN:
SF:src/index.js
FNF:0
FNH:0
DA:8,0
DA:20,0
LF:2
LH:0
BRF:0
BRH:0
end_of_record
TN:
SF:src/reportWebVitals.js
FN:1,(anonymous_0)
FN:3,(anonymous_1)
FNF:2
FNH:0
FNDA:0,(anonymous_0)
FNDA:0,(anonymous_1)
DA:1,0
DA:2,0
DA:3,0
DA:4,0
DA:5,0
DA:6,0
DA:7,0
DA:8,0
LF:8
LH:0
BRDA:2,0,0,0
BRDA:2,0,1,0
BRDA:2,1,0,0
BRDA:2,1,1,0
BRF:4
BRH:0
end_of_record
TN:
SF:src/actions/action-types.js
FNF:0
FNH:0
DA:1,9
LF:1
LH:1
BRF:0
BRH:0
end_of_record
TN:
SF:src/actions/actions-creator.js
FN:5,loadCountries
FN:14,loadCountry
FN:47,loadCountryInfo
FN:67,filterCountriesByName
FN:74,loadCountryHistoryData
FN:78,getToday
FN:88,getMonthDay
FN:107,clearInfectedCasesFromStore
FNF:8
FNH:7
FNDA:5,loadCountries
FNDA:2,loadCountry
FNDA:3,loadCountryInfo
FNDA:0,filterCountriesByName
FNDA:1,loadCountryHistoryData
FNDA:1,getToday
FNDA:1,getMonthDay
FNDA:1,clearInfectedCasesFromStore
DA:6,5
DA:8,1
DA:16,2
DA:18,2
DA:19,2
DA:20,2
DA:21,2
DA:22,2
DA:23,2
DA:24,2
DA:25,2
DA:26,2
DA:27,2
DA:31,1
DA:32,1
DA:33,1
DA:34,1
DA:40,1
DA:42,0
DA:48,3
DA:49,3
DA:50,1
DA:52,3
DA:56,2
DA:61,0
DA:68,0
DA:75,1
DA:76,1
DA:79,1
DA:80,1
DA:81,1
DA:82,1
DA:83,1
DA:84,1
DA:85,1
DA:89,1
DA:90,1
DA:91,1
DA:92,1
DA:93,1
DA:94,1
DA:95,1
DA:97,1
DA:101,1
DA:108,1
LF:45
LH:42
BRDA:31,0,0,1
BRDA:31,0,1,0
BRDA:49,1,0,1
BRDA:49,1,1,2
BRF:4
BRH:3
end_of_record
TN:
SF:src/actions/auth-actions.js
FN:6,handleSignIn
FN:19,handleError
FN:25,signInWithGoogle
FN:37,signOut
FNF:4
FNH:4
FNDA:1,handleSignIn
FNDA:3,handleError
FNDA:1,signInWithGoogle
FNDA:2,signOut
DA:7,1
DA:13,1
DA:20,3
DA:26,1
DA:27,1
DA:29,1
DA:30,1
DA:31,0
DA:33,1
DA:38,2
DA:39,2
DA:40,1
DA:44,1
LF:13
LH:12
BRF:0
BRH:0
end_of_record
TN:
SF:src/actions/firebase/firebase.config.js
FNF:0
FNH:0
DA:1,2
LF:1
LH:1
BRF:0
BRH:0
end_of_record
TN:
SF:src/actions/firebase/firebaseIndex.js
FNF:0
FNH:0
DA:5,2
DA:6,2
LF:2
LH:2
BRF:0
BRH:0
end_of_record
TN:
SF:src/components/Contact/Contact.jsx
FN:6,Contact
FN:12,submit
FN:19,handleChange
FN:37,(anonymous_3)
FN:48,(anonymous_4)
FN:59,(anonymous_5)
FN:70,(anonymous_6)
FNF:7
FNH:4
FNDA:3,Contact
FNDA:1,submit
FNDA:1,handleChange
FNDA:1,(anonymous_3)
FNDA:0,(anonymous_4)
FNDA:0,(anonymous_5)
FNDA:0,(anonymous_6)
DA:7,3
DA:8,3
DA:9,3
DA:10,3
DA:13,1
DA:14,1
DA:15,1
DA:16,1
DA:20,1
DA:23,3
DA:37,1
DA:48,0
DA:59,0
DA:70,0
LF:14
LH:11
BRF:0
BRH:0
end_of_record
TN:
SF:src/components/CountryDetails/CountryDetails.jsx
FN:15,CountryDetails
FN:24,handleChange
FN:31,(anonymous_2)
FN:40,(anonymous_3)
FNF:4
FNH:2
FNDA:1,CountryDetails
FNDA:0,handleChange
FNDA:1,(anonymous_2)
FNDA:0,(anonymous_3)
DA:16,1
DA:17,1
DA:18,1
DA:19,1
DA:25,0
DA:26,0
DA:31,1
DA:33,1
DA:35,1
DA:36,1
DA:40,1
DA:41,0
DA:45,1
DA:268,1
LF:14
LH:11
BRDA:35,0,0,1
BRDA:35,0,1,0
BRDA:35,1,0,1
BRDA:35,1,1,1
BRDA:35,1,2,1
BRDA:35,1,3,1
BRDA:47,2,0,1
BRDA:47,2,1,1
BRDA:62,3,0,1
BRDA:62,3,1,0
BRDA:81,4,0,0
BRDA:81,4,1,0
BRDA:87,5,0,0
BRDA:87,5,1,0
BRDA:93,6,0,0
BRDA:93,6,1,0
BRDA:105,7,0,0
BRDA:105,7,1,0
BRDA:111,8,0,0
BRDA:111,8,1,0
BRDA:117,9,0,0
BRDA:117,9,1,0
BRDA:123,10,0,0
BRDA:123,10,1,0
BRDA:139,11,0,0
BRDA:139,11,1,0
BRDA:139,11,2,0
BRDA:139,11,3,0
BRDA:139,11,4,0
BRDA:139,11,5,0
BRDA:155,12,0,0
BRDA:155,12,1,0
BRDA:167,13,0,0
BRDA:167,13,1,0
BRDA:173,14,0,0
BRDA:173,14,1,0
BRDA:185,15,0,0
BRDA:185,15,1,0
BRDA:197,16,0,0
BRDA:197,16,1,0
BRF:40
BRH:8
end_of_record
TN:
SF:src/components/Faqs/Faqs.jsx
FN:5,Faqs
FNF:1
FNH:1
FNDA:3,Faqs
DA:6,3
LF:1
LH:1
BRF:0
BRH:0
end_of_record
TN:
SF:src/components/Footer/Footer.jsx
FN:7,Footer
FNF:1
FNH:1
FNDA:4,Footer
DA:8,4
LF:1
LH:1
BRF:0
BRH:0
end_of_record
TN:
SF:src/components/Header/Header.jsx
FN:9,Header
FN:12,handleChange
FN:16,(anonymous_2)
FN:19,(anonymous_3)
FN:22,getSignInButton
FN:28,(anonymous_5)
FN:41,(anonymous_6)
FN:54,getSignOutButton
FN:60,(anonymous_8)
FN:73,(anonymous_9)
FN:86,isSignInVisible
FNF:11
FNH:5
FNDA:4,Header
FNDA:0,handleChange
FNDA:3,(anonymous_2)
FNDA:2,(anonymous_3)
FNDA:3,getSignInButton
FNDA:0,(anonymous_5)
FNDA:0,(anonymous_6)
FNDA:0,getSignOutButton
FNDA:0,(anonymous_8)
FNDA:0,(anonymous_9)
FNDA:3,isSignInVisible
DA:10,4
DA:13,0
DA:16,3
DA:17,3
DA:19,3
DA:23,3
DA:28,0
DA:41,0
DA:55,0
DA:60,0
DA:73,0
DA:87,3
DA:90,3
LF:13
LH:7
BRDA:87,0,0,0
BRDA:87,0,1,3
BRF:2
BRH:1
end_of_record
TN:
SF:src/components/Header/BurgerMenu/BurgerMenu.jsx
FN:27,(anonymous_0)
FN:85,BurgerMenu
FN:90,(anonymous_2)
FN:94,(anonymous_3)
FNF:4
FNH:2
FNDA:3,(anonymous_0)
FNDA:3,BurgerMenu
FNDA:0,(anonymous_2)
FNDA:0,(anonymous_3)
DA:25,1
DA:27,3
DA:86,3
DA:87,3
DA:88,3
DA:90,3
DA:91,0
DA:94,3
DA:95,0
DA:98,3
LF:10
LH:8
BRDA:113,0,0,3
BRDA:113,0,1,0
BRDA:135,1,0,3
BRDA:135,1,1,0
BRF:4
BRH:2
end_of_record
TN:
SF:src/components/Header/Search/Search.jsx
FN:12,(anonymous_0)
FN:18,handleChanges
FN:23,(anonymous_2)
FN:30,(anonymous_3)
FN:37,handleKeyUp
FN:49,changeState
FN:68,(anonymous_6)
FN:78,(anonymous_7)
FN:85,(anonymous_8)
FN:90,(anonymous_9)
FNF:10
FNH:5
FNDA:6,(anonymous_0)
FNDA:0,handleChanges
FNDA:4,(anonymous_2)
FNDA:2,(anonymous_3)
FNDA:1,handleKeyUp
FNDA:0,changeState
FNDA:0,(anonymous_6)
FNDA:1,(anonymous_7)
FNDA:0,(anonymous_8)
FNDA:0,(anonymous_9)
DA:12,2
DA:13,6
DA:14,4
DA:16,4
DA:19,0
DA:20,0
DA:23,4
DA:24,4
DA:26,4
DA:27,4
DA:30,4
DA:31,2
DA:35,4
DA:38,1
DA:39,1
DA:40,0
DA:41,0
DA:43,1
DA:47,4
DA:50,0
DA:51,0
DA:52,0
DA:53,0
DA:54,0
DA:56,0
DA:57,0
DA:58,0
DA:59,0
DA:63,4
DA:69,0
DA:79,1
DA:86,0
DA:90,0
LF:33
LH:17
BRDA:26,0,0,4
BRDA:26,0,1,0
BRDA:26,1,0,4
BRDA:26,1,1,4
BRDA:39,2,0,0
BRDA:39,2,1,1
BRDA:50,3,0,0
BRDA:50,3,1,0
BRDA:56,4,0,0
BRDA:56,4,1,0
BRDA:83,5,0,4
BRDA:83,5,1,0
BRDA:83,5,2,0
BRF:13
BRH:5
end_of_record
TN:
SF:src/components/Home/Home.jsx
FN:5,Home
FNF:1
FNH:1
FNDA:4,Home
DA:6,4
LF:1
LH:1
BRF:0
BRH:0
end_of_record
TN:
SF:src/components/List/List.jsx
FN:8,List
FN:11,handleChanges
FN:15,(anonymous_2)
FN:22,(anonymous_3)
FN:34,(anonymous_4)
FNF:5
FNH:4
FNDA:3,List
FNDA:0,handleChanges
FNDA:3,(anonymous_2)
FNDA:2,(anonymous_3)
FNDA:6,(anonymous_4)
DA:9,3
DA:12,0
DA:15,3
DA:16,3
DA:18,3
DA:19,0
DA:22,3
DA:23,2
DA:27,3
DA:35,6
LF:10
LH:8
BRDA:18,0,0,0
BRDA:18,0,1,3
BRDA:18,1,0,3
BRDA:18,1,1,3
BRDA:32,2,0,3
BRDA:32,2,1,3
BRDA:32,2,2,3
BRF:7
BRH:6
end_of_record
TN:
SF:src/components/Map/Map.jsx
FN:5,Map
FN:6,reloadPage
FNF:2
FNH:2
FNDA:1,Map
FNDA:1,reloadPage
DA:7,1
DA:11,1
DA:13,1
DA:15,1
DA:16,1
DA:17,0
DA:21,1
DA:23,1
LF:8
LH:7
BRDA:16,0,0,0
BRDA:16,0,1,1
BRF:2
BRH:1
end_of_record
TN:
SF:src/components/NotFound/NotFound.jsx
FN:6,NotFound
FN:23,(anonymous_1)
FNF:2
FNH:2
FNDA:4,NotFound
FNDA:1,(anonymous_1)
DA:7,4
DA:23,1
DA:33,1
LF:3
LH:3
BRF:0
BRH:0
end_of_record
TN:
SF:src/components/Subheader/Subheader.jsx
FN:4,Subheader
FNF:1
FNH:1
FNDA:14,Subheader
DA:5,14
DA:9,14
LF:2
LH:2
BRDA:12,0,0,14
BRDA:12,0,1,0
BRF:2
BRH:1
end_of_record
TN:
SF:src/dispatcher/dispatcher.js
FNF:0
FNH:0
DA:3,9
LF:1
LH:1
BRF:0
BRH:0
end_of_record
TN:
SF:src/store/auth-store.js
FN:9,(anonymous_0)
FN:13,(anonymous_1)
FN:17,(anonymous_2)
FN:21,(anonymous_3)
FN:28,(anonymous_4)
FNF:5
FNH:3
FNDA:0,(anonymous_0)
FNDA:3,(anonymous_1)
FNDA:2,(anonymous_2)
FNDA:5,(anonymous_3)
FNDA:0,(anonymous_4)
DA:5,2
DA:10,0
DA:14,3
DA:18,2
DA:22,5
DA:26,2
DA:28,2
DA:29,0
DA:31,0
DA:32,0
DA:33,0
DA:36,0
DA:37,0
DA:38,0
DA:43,0
LF:15
LH:6
BRDA:29,0,0,0
BRDA:29,0,1,0
BRDA:29,0,2,0
BRDA:29,0,3,0
BRDA:29,0,4,0
BRF:5
BRH:0
end_of_record
TN:
SF:src/store/data-store.js
FN:14,(anonymous_0)
FN:18,(anonymous_1)
FN:22,(anonymous_2)
FN:26,(anonymous_3)
FN:30,(anonymous_4)
FN:34,(anonymous_5)
FN:38,(anonymous_6)
FN:42,(anonymous_7)
FN:47,(anonymous_8)
FN:59,(anonymous_9)
FN:65,(anonymous_10)
FN:71,(anonymous_11)
FN:79,(anonymous_12)
FN:85,(anonymous_13)
FN:91,(anonymous_14)
FN:97,(anonymous_15)
FN:103,(anonymous_16)
FN:111,(anonymous_17)
FN:119,(anonymous_18)
FN:125,(anonymous_19)
FN:131,(anonymous_20)
FN:146,(anonymous_21)
FN:150,(anonymous_22)
FN:154,(anonymous_23)
FN:158,(anonymous_24)
FN:162,(anonymous_25)
FN:166,(anonymous_26)
FN:170,(anonymous_27)
FN:174,(anonymous_28)
FN:178,(anonymous_29)
FN:220,(anonymous_30)
FN:237,(anonymous_31)
FNF:32
FNH:30
FNDA:9,(anonymous_0)
FNDA:5,(anonymous_1)
FNDA:6,(anonymous_2)
FNDA:13,(anonymous_3)
FNDA:5,(anonymous_4)
FNDA:2,(anonymous_5)
FNDA:2,(anonymous_6)
FNDA:2,(anonymous_7)
FNDA:1,(anonymous_8)
FNDA:1,(anonymous_9)
FNDA:1,(anonymous_10)
FNDA:1,(anonymous_11)
FNDA:1,(anonymous_12)
FNDA:1,(anonymous_13)
FNDA:1,(anonymous_14)
FNDA:1,(anonymous_15)
FNDA:1,(anonymous_16)
FNDA:1,(anonymous_17)
FNDA:1,(anonymous_18)
FNDA:2,(anonymous_19)
FNDA:1,(anonymous_20)
FNDA:18,(anonymous_21)
FNDA:1,(anonymous_22)
FNDA:1,(anonymous_23)
FNDA:3,(anonymous_24)
FNDA:1,(anonymous_25)
FNDA:1,(anonymous_26)
FNDA:1,(anonymous_27)
FNDA:1,(anonymous_28)
FNDA:0,(anonymous_29)
FNDA:4,(anonymous_30)
FNDA:0,(anonymous_31)
DA:6,6
DA:7,6
DA:10,6
DA:15,9
DA:19,5
DA:23,6
DA:27,13
DA:31,5
DA:35,2
DA:39,2
DA:43,2
DA:44,2
DA:48,1
DA:49,1
DA:50,1
DA:51,1
DA:52,1
DA:54,1
DA:56,1
DA:60,1
DA:61,1
DA:62,1
DA:66,1
DA:67,1
DA:68,1
DA:72,1
DA:73,1
DA:74,1
DA:80,1
DA:81,1
DA:82,1
DA:86,1
DA:87,1
DA:88,1
DA:92,1
DA:93,1
DA:94,1
DA:98,1
DA:99,1
DA:100,1
DA:104,1
DA:105,1
DA:106,1
DA:112,1
DA:113,1
DA:114,1
DA:120,1
DA:121,1
DA:122,1
DA:126,2
DA:127,2
DA:128,2
DA:132,1
DA:133,1
DA:134,1
DA:135,1
DA:139,1
DA:140,1
DA:141,1
DA:142,1
DA:147,18
DA:151,1
DA:155,1
DA:159,3
DA:163,1
DA:167,1
DA:171,1
DA:175,1
DA:179,0
DA:218,6
DA:220,6
DA:221,4
DA:223,1
DA:224,1
DA:225,1
DA:228,1
DA:229,1
DA:230,1
DA:233,1
DA:234,1
DA:235,1
DA:237,0
DA:238,0
DA:240,0
DA:241,0
DA:256,1
LF:86
LH:81
BRDA:62,0,0,1
BRDA:62,0,1,0
BRDA:68,1,0,1
BRDA:68,1,1,0
BRDA:74,2,0,1
BRDA:74,2,1,0
BRDA:82,3,0,1
BRDA:82,3,1,0
BRDA:88,4,0,1
BRDA:88,4,1,0
BRDA:94,5,0,1
BRDA:94,5,1,0
BRDA:100,6,0,1
BRDA:100,6,1,0
BRDA:106,7,0,1
BRDA:106,7,1,0
BRDA:114,8,0,1
BRDA:114,8,1,0
BRDA:122,9,0,1
BRDA:122,9,1,0
BRDA:128,10,0,2
BRDA:128,10,1,0
BRDA:133,11,0,1
BRDA:133,11,1,0
BRDA:142,12,0,1
BRDA:142,12,1,0
BRDA:159,13,0,3
BRDA:159,13,1,3
BRDA:163,14,0,1
BRDA:163,14,1,1
BRDA:167,15,0,1
BRDA:167,15,1,1
BRDA:171,16,0,1
BRDA:171,16,1,1
BRDA:175,17,0,1
BRDA:175,17,1,1
BRDA:221,18,0,1
BRDA:221,18,1,1
BRDA:221,18,2,1
BRDA:221,18,3,0
BRDA:221,18,4,1
BRF:41
BRH:27
end_of_record
